[INFO   ] Logger: Record log in /storage/emulated/0/Download/git/StarMerchant/.kivy/logs/kivy_20-10-27_15.txt
[INFO   ] Kivy: v1.11.1
[INFO   ] Kivy: Installed at "/data/user/0/ru.iiec.pydroid3/files/arm-linux-androideabi/lib/python3.8/site-packages/kivy/__init__.py"
[INFO   ] Python: v3.8.3 (default, Jun 15 2020, 02:19:10) 
[GCC 9.3.0]
[INFO   ] Python: Interpreter at "/data/user/0/ru.iiec.pydroid3/files/arm-linux-androideabi/bin/python3"
[INFO   ] Factory: 184 symbols loaded
[INFO   ] Image: Providers: img_tex, img_dds, img_sdl2, img_pil, img_gif (img_ffpyplayer ignored)
[INFO   ] Window: Provider: sdl2
[INFO   ] GL: Using the "OpenGL ES 2" graphics system
[INFO   ] GL: Backend used <sdl2>
[INFO   ] GL: OpenGL version <b'OpenGL ES 3.2 v1.r29p0-01rel0.###other-sha0123456789ABCDEF0###'>
[INFO   ] GL: OpenGL vendor <b'ARM'>
[INFO   ] GL: OpenGL renderer <b'Mali-T830'>
[INFO   ] GL: OpenGL parsed version: 3, 2
[INFO   ] GL: Texture max size <8192>
[INFO   ] GL: Texture max units <16>
[INFO   ] Window: auto add sdl2 input provider
[INFO   ] Window: virtual keyboard not allowed, single mode, not docked
[WARNING] stderr: Traceback (most recent call last):
[WARNING] stderr:   File "/data/user/0/ru.iiec.pydroid3/files/arm-linux-androideabi/lib/python3.8/site-packages/kivy/lang/builder.py", line 921, in _build_canvas
[WARNING] stderr:     setattr(instr, key, value)
[WARNING] stderr: AttributeError: 'kivy.graphics.vertex_instructions.Line' object has no attribute 'pos'
[WARNING] stderr: 
[WARNING] stderr: During handling of the above exception, another exception occurred:
[WARNING] stderr: 
[WARNING] stderr: Traceback (most recent call last):
[WARNING] stderr:   File "/storage/emulated/0/Download/git/StarMerchant/main.py", line 34, in <module>
[WARNING] stderr:     StarMerchantApp().run()
[WARNING] stderr:   File "/data/user/0/ru.iiec.pydroid3/files/arm-linux-androideabi/lib/python3.8/site-packages/kivy/app.py", line 829, in run
[WARNING] stderr:     root = self.build()
[WARNING] stderr:   File "/storage/emulated/0/Download/git/StarMerchant/main.py", line 29, in build
[WARNING] stderr:     return MainScreen()
[WARNING] stderr:   File "/data/user/0/ru.iiec.pydroid3/files/arm-linux-androideabi/lib/python3.8/site-packages/kivy/uix/boxlayout.py", line 145, in __init__
[WARNING] stderr:     super(BoxLayout, self).__init__(**kwargs)
[WARNING] stderr:   File "/data/user/0/ru.iiec.pydroid3/files/arm-linux-androideabi/lib/python3.8/site-packages/kivy/uix/layout.py", line 76, in __init__
[WARNING] stderr:     super(Layout, self).__init__(**kwargs)
[WARNING] stderr:   File "/data/user/0/ru.iiec.pydroid3/files/arm-linux-androideabi/lib/python3.8/site-packages/kivy/uix/widget.py", line 359, in __init__
[WARNING] stderr:     self.apply_class_lang_rules(
[WARNING] stderr:   File "/data/user/0/ru.iiec.pydroid3/files/arm-linux-androideabi/lib/python3.8/site-packages/kivy/uix/widget.py", line 467, in apply_class_lang_rules
[WARNING] stderr:     Builder.apply(
[WARNING] stderr:   File "/data/user/0/ru.iiec.pydroid3/files/arm-linux-androideabi/lib/python3.8/site-packages/kivy/lang/builder.py", line 536, in apply
[WARNING] stderr:     self._apply_rule(
[WARNING] stderr:   File "/data/user/0/ru.iiec.pydroid3/files/arm-linux-androideabi/lib/python3.8/site-packages/kivy/lang/builder.py", line 658, in _apply_rule
[WARNING] stderr:     self._apply_rule(
[WARNING] stderr:   File "/data/user/0/ru.iiec.pydroid3/files/arm-linux-androideabi/lib/python3.8/site-packages/kivy/lang/builder.py", line 658, in _apply_rule
[WARNING] stderr:     self._apply_rule(
[WARNING] stderr:   File "/data/user/0/ru.iiec.pydroid3/files/arm-linux-androideabi/lib/python3.8/site-packages/kivy/lang/builder.py", line 595, in _apply_rule
[WARNING] stderr:     self._build_canvas(widget.canvas, widget,
[WARNING] stderr:   File "/data/user/0/ru.iiec.pydroid3/files/arm-linux-androideabi/lib/python3.8/site-packages/kivy/lang/builder.py", line 924, in _build_canvas
[WARNING] stderr:     raise BuilderException(
[WARNING] stderr: kivy.lang.builder.BuilderException: Parser: File "/storage/emulated/0/Download/git/StarMerchant/starmerchant.kv", line 19:
[WARNING] stderr: ...
[WARNING] stderr:      17:				Line:
[WARNING] stderr:      18:					rectangle: 0, 0, 100, 150
[WARNING] stderr: >>   19:					pos: self.pos
[WARNING] stderr:      20:				BorderImage: 
[WARNING] stderr:      21:					pos: self.pos
[WARNING] stderr: ...
[WARNING] stderr: AttributeError: 'kivy.graphics.vertex_instructions.Line' object has no attribute 'pos'
[WARNING] stderr:   File "/data/user/0/ru.iiec.pydroid3/files/arm-linux-androideabi/lib/python3.8/site-packages/kivy/lang/builder.py", line 921, in _build_canvas
[WARNING] stderr:     setattr(instr, key, value)
[WARNING] stderr: 
